[debug] [2020-07-06T07:51:21.813Z] ----------------------------------------------------------------------
[debug] [2020-07-06T07:51:21.816Z] Command:       C:\Program Files\nodejs\node.exe C:\Users\Yasmin\AppData\Roaming\npm\node_modules\firebase-tools\lib\bin\firebase.js deploy --debug
[debug] [2020-07-06T07:51:21.816Z] CLI Version:   8.4.3
[debug] [2020-07-06T07:51:21.816Z] Platform:      win32
[debug] [2020-07-06T07:51:21.816Z] Node Version:  v12.4.0
[debug] [2020-07-06T07:51:21.817Z] Time:          Mon Jul 06 2020 13:21:21 GMT+0530 (India Standard Time)
[debug] [2020-07-06T07:51:21.817Z] ----------------------------------------------------------------------
[debug] [2020-07-06T07:51:21.817Z] 
[debug] [2020-07-06T07:51:21.827Z] > command requires scopes: ["email","openid","https://www.googleapis.com/auth/cloudplatformprojects.readonly","https://www.googleapis.com/auth/firebase","https://www.googleapis.com/auth/cloud-platform"]
[debug] [2020-07-06T07:51:21.830Z] > authorizing via signed-in user
[debug] [2020-07-06T07:51:21.832Z] [iam] checking project smeadviser-2320c for permissions ["cloudfunctions.functions.create","cloudfunctions.functions.delete","cloudfunctions.functions.get","cloudfunctions.functions.list","cloudfunctions.functions.update","cloudfunctions.operations.get","firebase.projects.get","firebasehosting.sites.update"]
[debug] [2020-07-06T07:51:21.837Z] >>> HTTP REQUEST POST https://cloudresourcemanager.googleapis.com/v1/projects/smeadviser-2320c:testIamPermissions  
 {"permissions":["cloudfunctions.functions.create","cloudfunctions.functions.delete","cloudfunctions.functions.get","cloudfunctions.functions.list","cloudfunctions.functions.update","cloudfunctions.operations.get","firebase.projects.get","firebasehosting.sites.update"]}
[debug] [2020-07-06T07:51:23.084Z] <<< HTTP RESPONSE 200 {"content-type":"application/json; charset=UTF-8","vary":"X-Origin, Referer, Origin,Accept-Encoding","date":"Mon, 06 Jul 2020 07:51:23 GMT","server":"ESF","cache-control":"private","x-xss-protection":"0","x-frame-options":"SAMEORIGIN","x-content-type-options":"nosniff","server-timing":"gfet4t7; dur=1149","alt-svc":"h3-29=\":443\"; ma=2592000,h3-27=\":443\"; ma=2592000,h3-25=\":443\"; ma=2592000,h3-T050=\":443\"; ma=2592000,h3-Q050=\":443\"; ma=2592000,h3-Q046=\":443\"; ma=2592000,h3-Q043=\":443\"; ma=2592000,quic=\":443\"; ma=2592000; v=\"46,43\"","accept-ranges":"none","transfer-encoding":"chunked"}
[debug] [2020-07-06T07:51:23.109Z] >>> HTTP REQUEST POST https://iam.googleapis.com/v1/projects/smeadviser-2320c/serviceAccounts/smeadviser-2320c@appspot.gserviceaccount.com:testIamPermissions  
 {"permissions":["iam.serviceAccounts.actAs"]}
[debug] [2020-07-06T07:51:24.486Z] <<< HTTP RESPONSE 200 {"content-type":"application/json; charset=UTF-8","vary":"X-Origin, Referer, Origin,Accept-Encoding","date":"Mon, 06 Jul 2020 07:51:24 GMT","server":"ESF","cache-control":"private","x-xss-protection":"0","x-frame-options":"SAMEORIGIN","x-content-type-options":"nosniff","alt-svc":"h3-29=\":443\"; ma=2592000,h3-27=\":443\"; ma=2592000,h3-25=\":443\"; ma=2592000,h3-T050=\":443\"; ma=2592000,h3-Q050=\":443\"; ma=2592000,h3-Q046=\":443\"; ma=2592000,h3-Q043=\":443\"; ma=2592000,quic=\":443\"; ma=2592000; v=\"46,43\"","accept-ranges":"none","transfer-encoding":"chunked"}
[debug] [2020-07-06T07:51:24.489Z] >>> HTTP REQUEST GET https://firebase.googleapis.com/v1beta1/projects/smeadviser-2320c  
 
[debug] [2020-07-06T07:51:24.859Z] <<< HTTP RESPONSE 200 {"content-type":"application/json; charset=UTF-8","vary":"X-Origin, Referer, Origin,Accept-Encoding","date":"Mon, 06 Jul 2020 07:51:24 GMT","server":"ESF","cache-control":"private","x-xss-protection":"0","x-frame-options":"SAMEORIGIN","x-content-type-options":"nosniff","alt-svc":"h3-29=\":443\"; ma=2592000,h3-27=\":443\"; ma=2592000,h3-25=\":443\"; ma=2592000,h3-T050=\":443\"; ma=2592000,h3-Q050=\":443\"; ma=2592000,h3-Q046=\":443\"; ma=2592000,h3-Q043=\":443\"; ma=2592000,quic=\":443\"; ma=2592000; v=\"46,43\"","accept-ranges":"none","transfer-encoding":"chunked"}
[info] 
[info] === Deploying to 'smeadviser-2320c'...
[info] 
[info] i  deploying functions, hosting 
[info] Running command: npm --prefix "$RESOURCE_DIR" run lint
[info] +  functions: Finished running predeploy script. 
[debug] [2020-07-06T07:51:30.377Z] > [functions] package.json contents: {
  "name": "functions",
  "description": "Cloud Functions for Firebase",
  "scripts": {
    "lint": "eslint .",
    "serve": "firebase emulators:start --only functions",
    "shell": "firebase functions:shell",
    "start": "npm run shell",
    "deploy": "firebase deploy --only functions",
    "logs": "firebase functions:log"
  },
  "engines": {
    "node": "8"
  },
  "dependencies": {
    "dotenv": "^8.2.0",
    "firebase-admin": "^8.10.0",
    "firebase-functions": "^3.6.1",
    "nodemailer": "^6.4.10",
    "nodemailer-express-handlebars": "^4.0.0"
  },
  "devDependencies": {
    "eslint": "^5.12.0",
    "eslint-plugin-promise": "^4.0.1",
    "firebase-functions-test": "^0.2.0"
  },
  "private": true
}
[info] i  functions: ensuring required API cloudfunctions.googleapis.com is enabled... 
[debug] [2020-07-06T07:51:33.103Z] [functions] runtime dependency check dates: warning: 2020-05-21T00:00:00.000Z error: 2020-07-09T00:00:00.000Z
[debug] [2020-07-06T07:51:33.104Z] >>> HTTP REQUEST GET https://serviceusage.googleapis.com/v1/projects/smeadviser-2320c/services/cloudfunctions.googleapis.com  
 
[debug] [2020-07-06T07:51:33.111Z] >>> HTTP REQUEST GET https://serviceusage.googleapis.com/v1/projects/smeadviser-2320c/services/runtimeconfig.googleapis.com  
 
[debug] [2020-07-06T07:51:34.602Z] <<< HTTP RESPONSE 200 {"content-type":"application/json; charset=UTF-8","vary":"X-Origin, Referer, Origin,Accept-Encoding","date":"Mon, 06 Jul 2020 07:51:34 GMT","server":"ESF","cache-control":"private","x-xss-protection":"0","x-frame-options":"SAMEORIGIN","x-content-type-options":"nosniff","alt-svc":"h3-29=\":443\"; ma=2592000,h3-27=\":443\"; ma=2592000,h3-25=\":443\"; ma=2592000,h3-T050=\":443\"; ma=2592000,h3-Q050=\":443\"; ma=2592000,h3-Q046=\":443\"; ma=2592000,h3-Q043=\":443\"; ma=2592000,quic=\":443\"; ma=2592000; v=\"46,43\"","accept-ranges":"none","transfer-encoding":"chunked"}
[debug] [2020-07-06T07:51:34.617Z] <<< HTTP RESPONSE 200 {"content-type":"application/json; charset=UTF-8","vary":"X-Origin, Referer, Origin,Accept-Encoding","date":"Mon, 06 Jul 2020 07:51:34 GMT","server":"ESF","cache-control":"private","x-xss-protection":"0","x-frame-options":"SAMEORIGIN","x-content-type-options":"nosniff","alt-svc":"h3-29=\":443\"; ma=2592000,h3-27=\":443\"; ma=2592000,h3-25=\":443\"; ma=2592000,h3-T050=\":443\"; ma=2592000,h3-Q050=\":443\"; ma=2592000,h3-Q046=\":443\"; ma=2592000,h3-Q043=\":443\"; ma=2592000,quic=\":443\"; ma=2592000; v=\"46,43\"","accept-ranges":"none","transfer-encoding":"chunked"}
[info] +  functions: required API cloudfunctions.googleapis.com is enabled 
[debug] [2020-07-06T07:51:34.620Z] >>> HTTP REQUEST GET https://firebase.googleapis.com/v1beta1/projects/smeadviser-2320c/adminSdkConfig  
 
[debug] [2020-07-06T07:51:34.843Z] <<< HTTP RESPONSE 200 {"content-type":"application/json; charset=UTF-8","vary":"X-Origin, Referer, Origin,Accept-Encoding","date":"Mon, 06 Jul 2020 07:51:35 GMT","server":"ESF","cache-control":"private","x-xss-protection":"0","x-frame-options":"SAMEORIGIN","x-content-type-options":"nosniff","alt-svc":"h3-29=\":443\"; ma=2592000,h3-27=\":443\"; ma=2592000,h3-25=\":443\"; ma=2592000,h3-T050=\":443\"; ma=2592000,h3-Q050=\":443\"; ma=2592000,h3-Q046=\":443\"; ma=2592000,h3-Q043=\":443\"; ma=2592000,quic=\":443\"; ma=2592000; v=\"46,43\"","accept-ranges":"none","transfer-encoding":"chunked"}
[debug] [2020-07-06T07:51:34.846Z] >>> HTTP REQUEST POST https://firebasehosting.googleapis.com/v1beta1/sites/smeadviser-2320c/versions  
 {"config":{"rewrites":[{"glob":"**","path":"/index.html"}]},"labels":{"deployment-tool":"cli-firebase"}}
[debug] [2020-07-06T07:51:36.568Z] <<< HTTP RESPONSE 200 {"content-type":"application/json; charset=UTF-8","vary":"X-Origin, Referer, Origin,Accept-Encoding","date":"Mon, 06 Jul 2020 07:51:36 GMT","server":"ESF","cache-control":"private","x-xss-protection":"0","x-frame-options":"SAMEORIGIN","x-content-type-options":"nosniff","alt-svc":"h3-29=\":443\"; ma=2592000,h3-27=\":443\"; ma=2592000,h3-25=\":443\"; ma=2592000,h3-T050=\":443\"; ma=2592000,h3-Q050=\":443\"; ma=2592000,h3-Q046=\":443\"; ma=2592000,h3-Q043=\":443\"; ma=2592000,quic=\":443\"; ma=2592000; v=\"46,43\"","accept-ranges":"none","transfer-encoding":"chunked"}
[info] i  functions: preparing functions directory for uploading... 
[debug] [2020-07-06T07:51:36.586Z] >>> HTTP REQUEST GET https://runtimeconfig.googleapis.com/v1beta1/projects/smeadviser-2320c/configs  
 
[debug] [2020-07-06T07:51:37.193Z] <<< HTTP RESPONSE 200 {"content-type":"application/json; charset=UTF-8","vary":"X-Origin, Referer, Origin,Accept-Encoding","date":"Mon, 06 Jul 2020 07:51:37 GMT","server":"ESF","cache-control":"private","x-xss-protection":"0","x-frame-options":"SAMEORIGIN","x-content-type-options":"nosniff","alt-svc":"h3-29=\":443\"; ma=2592000,h3-27=\":443\"; ma=2592000,h3-25=\":443\"; ma=2592000,h3-T050=\":443\"; ma=2592000,h3-Q050=\":443\"; ma=2592000,h3-Q046=\":443\"; ma=2592000,h3-Q043=\":443\"; ma=2592000,quic=\":443\"; ma=2592000; v=\"46,43\"","accept-ranges":"none","transfer-encoding":"chunked"}
[info] i  functions: packaged functions (42.17 KB) for uploading 
[debug] [2020-07-06T07:51:37.398Z] >>> HTTP REQUEST GET https://cloudfunctions.googleapis.com/v1/projects/smeadviser-2320c/locations/-/functions  
 
[debug] [2020-07-06T07:51:38.210Z] <<< HTTP RESPONSE 200 {"content-type":"application/json; charset=UTF-8","vary":"X-Origin, Referer, Origin,Accept-Encoding","date":"Mon, 06 Jul 2020 07:51:38 GMT","server":"ESF","cache-control":"private","x-xss-protection":"0","x-frame-options":"SAMEORIGIN","x-content-type-options":"nosniff","alt-svc":"h3-29=\":443\"; ma=2592000,h3-27=\":443\"; ma=2592000,h3-25=\":443\"; ma=2592000,h3-T050=\":443\"; ma=2592000,h3-Q050=\":443\"; ma=2592000,h3-Q046=\":443\"; ma=2592000,h3-Q043=\":443\"; ma=2592000,quic=\":443\"; ma=2592000; v=\"46,43\"","accept-ranges":"none","transfer-encoding":"chunked"}
[debug] [2020-07-06T07:51:38.214Z] >>> HTTP REQUEST POST https://cloudfunctions.googleapis.com/v1/projects/smeadviser-2320c/locations/us-central1/functions:generateUploadUrl  
 
[debug] [2020-07-06T07:51:39.203Z] <<< HTTP RESPONSE 200 {"content-type":"application/json; charset=UTF-8","vary":"X-Origin, Referer, Origin,Accept-Encoding","date":"Mon, 06 Jul 2020 07:51:39 GMT","server":"ESF","cache-control":"private","x-xss-protection":"0","x-frame-options":"SAMEORIGIN","x-content-type-options":"nosniff","alt-svc":"h3-29=\":443\"; ma=2592000,h3-27=\":443\"; ma=2592000,h3-25=\":443\"; ma=2592000,h3-T050=\":443\"; ma=2592000,h3-Q050=\":443\"; ma=2592000,h3-Q046=\":443\"; ma=2592000,h3-Q043=\":443\"; ma=2592000,quic=\":443\"; ma=2592000; v=\"46,43\"","accept-ranges":"none","transfer-encoding":"chunked"}
[debug] [2020-07-06T07:51:39.205Z] >>> HTTP REQUEST PUT https://storage.googleapis.com/gcf-upload-us-central1-0c254b24-82cd-4a70-8121-ca8450f77101/6fbd0830-a3e5-4edb-a1e7-14fecdb0a7bc.zip?GoogleAccessId=service-976252703911@gcf-admin-robot.iam.gserviceaccount.com&Expires=1594023699&Signature=bytZ2y8aM%2FSyxSjJxEH96%2FeoxrgZjc3L%2B62P9Ehb9KY3P2UUZI8VHbine92qhCG%2BezL70Uwjp26%2BfA6k%2FLNvr0P5FQ2EGolfsUOTyo4xsiZaTGKdOzzfvf%2Bb6NUvGFOXjRDhSQlU2Z5VnjJ%2FvU24ZTfTz6M7w6rsuc0huiBf7kWEHoFAsVTRJCgp5E6f6gbjhjDv7iwxdB%2FfpFyquIM29E9XWbAcw9CuJf5SsVn%2FYUW2ramO7A6rQBw5hIzYBCzOj2An0ubEXSKKdWCa8h7t2NzatlvKBB0u8%2BfVCgS%2B4e%2FAtaBrJy2oM66hd7QG%2BwDgv7dO6nO2DqwPaxaVKbIP6A%3D%3D  
 <request body omitted>
[debug] [2020-07-06T07:51:39.928Z] <<< HTTP RESPONSE 200 {"x-guploader-uploadid":"AAANsUl2j2dPxC7zDqTmyLdkGslVDnXw03Azozq03mhbwMkVfdHTW4tkK7A2Htmfqb-Lnc-yxe7U8S8W112Spk9XxQs","etag":"\"a6d820271a6da624034fe361b052c813\"","x-goog-generation":"1594021899963817","x-goog-metageneration":"1","x-goog-hash":"crc32c=9PaQ4g==, md5=ptggJxptpiQDT+NhsFLIEw==","x-goog-stored-content-length":"43182","x-goog-stored-content-encoding":"identity","vary":"Origin","content-length":"0","date":"Mon, 06 Jul 2020 07:51:40 GMT","server":"UploadServer","content-type":"text/html; charset=UTF-8","alt-svc":"h3-27=\":443\"; ma=2592000,h3-25=\":443\"; ma=2592000,h3-T050=\":443\"; ma=2592000,h3-Q050=\":443\"; ma=2592000,h3-Q046=\":443\"; ma=2592000,h3-Q043=\":443\"; ma=2592000,quic=\":443\"; ma=2592000; v=\"46,43\""}
[info] +  functions: functions folder uploaded successfully 
[info] i  hosting[smeadviser-2320c]: beginning deploy... 
[info] i  hosting[smeadviser-2320c]: found 115 files in dist 
[debug] [2020-07-06T07:51:40.054Z] [hosting] hash cache [ZGlzdA] stored for 115 files
[debug] [2020-07-06T07:51:40.055Z] [hosting][hash queue][FINAL] {"max":12,"min":0,"avg":1.1662241522772612,"active":0,"complete":115,"success":115,"errored":0,"retried":0,"total":115,"elapsed":44}
[debug] [2020-07-06T07:51:40.056Z] >>> HTTP REQUEST POST https://firebasehosting.googleapis.com/v1beta1/sites/smeadviser-2320c/versions/bc13e8c9e12d2fab:populateFiles  
 <request body omitted>
[debug] [2020-07-06T07:51:41.834Z] <<< HTTP RESPONSE 200 {"content-type":"application/json; charset=UTF-8","vary":"X-Origin, Referer, Origin,Accept-Encoding","date":"Mon, 06 Jul 2020 07:51:41 GMT","server":"ESF","cache-control":"private","x-xss-protection":"0","x-frame-options":"SAMEORIGIN","x-content-type-options":"nosniff","alt-svc":"h3-29=\":443\"; ma=2592000,h3-27=\":443\"; ma=2592000,h3-25=\":443\"; ma=2592000,h3-T050=\":443\"; ma=2592000,h3-Q050=\":443\"; ma=2592000,h3-Q046=\":443\"; ma=2592000,h3-Q043=\":443\"; ma=2592000,quic=\":443\"; ma=2592000; v=\"46,43\"","accept-ranges":"none","transfer-encoding":"chunked"}
[debug] [2020-07-06T07:51:41.836Z] [hosting][populate queue][FINAL] {"max":1813,"min":1813,"avg":1813,"active":0,"complete":1,"success":1,"errored":0,"retried":0,"total":1,"elapsed":1813}
[debug] [2020-07-06T07:51:41.857Z] [hosting] uploads queued: 0
[debug] [2020-07-06T07:51:41.858Z] [hosting][upload queue][FINAL] {"max":0,"min":9999999999,"avg":0,"active":0,"complete":0,"success":0,"errored":0,"retried":0,"total":0,"elapsed":1594021901858}
[info] +  hosting[smeadviser-2320c]: file upload complete 
[debug] [2020-07-06T07:51:41.860Z] [hosting] deploy completed after 1911ms
[info] i  functions: creating Node.js 8 function sendPostEmail(us-central1)... 
[debug] [2020-07-06T07:51:42.001Z] Trigger is:  {"eventTrigger":{"resource":"projects/smeadviser-2320c/databases/(default)/documents/post/{docId}","eventType":"providers/cloud.firestore/eventTypes/document.create","service":"firestore.googleapis.com"}}
[info] i  functions: creating Node.js 8 function sendQueryEmail(us-central1)... 
[debug] [2020-07-06T07:51:42.017Z] Trigger is:  {"eventTrigger":{"resource":"projects/smeadviser-2320c/databases/(default)/documents/query/{docId}","eventType":"providers/cloud.firestore/eventTypes/document.create","service":"firestore.googleapis.com"}}
[debug] [2020-07-06T07:51:42.020Z] >>> HTTP REQUEST GET https://serviceusage.googleapis.com/v1/projects/smeadviser-2320c/services/cloudscheduler.googleapis.com  
 
[debug] [2020-07-06T07:51:43.471Z] <<< HTTP RESPONSE 200 {"content-type":"application/json; charset=UTF-8","vary":"X-Origin, Referer, Origin,Accept-Encoding","date":"Mon, 06 Jul 2020 07:51:43 GMT","server":"ESF","cache-control":"private","x-xss-protection":"0","x-frame-options":"SAMEORIGIN","x-content-type-options":"nosniff","alt-svc":"h3-29=\":443\"; ma=2592000,h3-27=\":443\"; ma=2592000,h3-25=\":443\"; ma=2592000,h3-T050=\":443\"; ma=2592000,h3-Q050=\":443\"; ma=2592000,h3-Q046=\":443\"; ma=2592000,h3-Q043=\":443\"; ma=2592000,quic=\":443\"; ma=2592000; v=\"46,43\"","accept-ranges":"none","transfer-encoding":"chunked"}
[debug] [2020-07-06T07:51:43.474Z] >>> HTTP REQUEST POST https://cloudfunctions.googleapis.com/v1/projects/smeadviser-2320c/locations/us-central1/functions  
 {"sourceUploadUrl":"https://storage.googleapis.com/gcf-upload-us-central1-0c254b24-82cd-4a70-8121-ca8450f77101/6fbd0830-a3e5-4edb-a1e7-14fecdb0a7bc.zip?GoogleAccessId=service-976252703911@gcf-admin-robot.iam.gserviceaccount.com&Expires=1594023699&Signature=bytZ2y8aM%2FSyxSjJxEH96%2FeoxrgZjc3L%2B62P9Ehb9KY3P2UUZI8VHbine92qhCG%2BezL70Uwjp26%2BfA6k%2FLNvr0P5FQ2EGolfsUOTyo4xsiZaTGKdOzzfvf%2Bb6NUvGFOXjRDhSQlU2Z5VnjJ%2FvU24ZTfTz6M7w6rsuc0huiBf7kWEHoFAsVTRJCgp5E6f6gbjhjDv7iwxdB%2FfpFyquIM29E9XWbAcw9CuJf5SsVn%2FYUW2ramO7A6rQBw5hIzYBCzOj2An0ubEXSKKdWCa8h7t2NzatlvKBB0u8%2BfVCgS%2B4e%2FAtaBrJy2oM66hd7QG%2BwDgv7dO6nO2DqwPaxaVKbIP6A%3D%3D","name":"projects/smeadviser-2320c/locations/us-central1/functions/sendPostEmail","entryPoint":"sendPostEmail","labels":{"deployment-tool":"cli-firebase"},"runtime":"nodejs8","environmentVariables":{"FIREBASE_CONFIG":"{\"projectId\":\"smeadviser-2320c\",\"databaseURL\":\"https://smeadviser-2320c.firebaseio.com\",\"storageBucket\":\"smeadviser-2320c.appspot.com\",\"locationId\":\"us-central\"}"},"eventTrigger":{"resource":"projects/smeadviser-2320c/databases/(default)/documents/post/{docId}","eventType":"providers/cloud.firestore/eventTypes/document.create","service":"firestore.googleapis.com"}}
[debug] [2020-07-06T07:51:43.507Z] >>> HTTP REQUEST POST https://cloudfunctions.googleapis.com/v1/projects/smeadviser-2320c/locations/us-central1/functions  
 {"sourceUploadUrl":"https://storage.googleapis.com/gcf-upload-us-central1-0c254b24-82cd-4a70-8121-ca8450f77101/6fbd0830-a3e5-4edb-a1e7-14fecdb0a7bc.zip?GoogleAccessId=service-976252703911@gcf-admin-robot.iam.gserviceaccount.com&Expires=1594023699&Signature=bytZ2y8aM%2FSyxSjJxEH96%2FeoxrgZjc3L%2B62P9Ehb9KY3P2UUZI8VHbine92qhCG%2BezL70Uwjp26%2BfA6k%2FLNvr0P5FQ2EGolfsUOTyo4xsiZaTGKdOzzfvf%2Bb6NUvGFOXjRDhSQlU2Z5VnjJ%2FvU24ZTfTz6M7w6rsuc0huiBf7kWEHoFAsVTRJCgp5E6f6gbjhjDv7iwxdB%2FfpFyquIM29E9XWbAcw9CuJf5SsVn%2FYUW2ramO7A6rQBw5hIzYBCzOj2An0ubEXSKKdWCa8h7t2NzatlvKBB0u8%2BfVCgS%2B4e%2FAtaBrJy2oM66hd7QG%2BwDgv7dO6nO2DqwPaxaVKbIP6A%3D%3D","name":"projects/smeadviser-2320c/locations/us-central1/functions/sendQueryEmail","entryPoint":"sendQueryEmail","labels":{"deployment-tool":"cli-firebase"},"runtime":"nodejs8","environmentVariables":{"FIREBASE_CONFIG":"{\"projectId\":\"smeadviser-2320c\",\"databaseURL\":\"https://smeadviser-2320c.firebaseio.com\",\"storageBucket\":\"smeadviser-2320c.appspot.com\",\"locationId\":\"us-central\"}"},"eventTrigger":{"resource":"projects/smeadviser-2320c/databases/(default)/documents/query/{docId}","eventType":"providers/cloud.firestore/eventTypes/document.create","service":"firestore.googleapis.com"}}
[debug] [2020-07-06T07:51:44.485Z] <<< HTTP RESPONSE 200 {"content-type":"application/json; charset=UTF-8","vary":"X-Origin, Referer, Origin,Accept-Encoding","date":"Mon, 06 Jul 2020 07:51:44 GMT","server":"ESF","cache-control":"private","x-xss-protection":"0","x-frame-options":"SAMEORIGIN","x-content-type-options":"nosniff","alt-svc":"h3-29=\":443\"; ma=2592000,h3-27=\":443\"; ma=2592000,h3-25=\":443\"; ma=2592000,h3-T050=\":443\"; ma=2592000,h3-Q050=\":443\"; ma=2592000,h3-Q046=\":443\"; ma=2592000,h3-Q043=\":443\"; ma=2592000,quic=\":443\"; ma=2592000; v=\"46,43\"","accept-ranges":"none","transfer-encoding":"chunked"}
[debug] [2020-07-06T07:51:44.665Z] <<< HTTP RESPONSE 200 {"content-type":"application/json; charset=UTF-8","vary":"X-Origin, Referer, Origin,Accept-Encoding","date":"Mon, 06 Jul 2020 07:51:44 GMT","server":"ESF","cache-control":"private","x-xss-protection":"0","x-frame-options":"SAMEORIGIN","x-content-type-options":"nosniff","alt-svc":"h3-29=\":443\"; ma=2592000,h3-27=\":443\"; ma=2592000,h3-25=\":443\"; ma=2592000,h3-T050=\":443\"; ma=2592000,h3-Q050=\":443\"; ma=2592000,h3-Q046=\":443\"; ma=2592000,h3-Q043=\":443\"; ma=2592000,quic=\":443\"; ma=2592000; v=\"46,43\"","accept-ranges":"none","transfer-encoding":"chunked"}
[debug] [2020-07-06T07:51:44.667Z] >>> HTTP REQUEST GET https://cloudfunctions.googleapis.com/v1/operations/c21lYWR2aXNlci0yMzIwYy91cy1jZW50cmFsMS9zZW5kUG9zdEVtYWlsL3lYcURWQjlET3Nn  
 
[debug] [2020-07-06T07:51:44.669Z] >>> HTTP REQUEST GET https://cloudfunctions.googleapis.com/v1/operations/c21lYWR2aXNlci0yMzIwYy91cy1jZW50cmFsMS9zZW5kUXVlcnlFbWFpbC9NdHVENWpaWGVBTQ  
 
[debug] [2020-07-06T07:51:45.264Z] <<< HTTP RESPONSE 200 {"content-type":"application/json; charset=UTF-8","vary":"X-Origin, Referer, Origin,Accept-Encoding","date":"Mon, 06 Jul 2020 07:51:45 GMT","server":"ESF","cache-control":"private","x-xss-protection":"0","x-frame-options":"SAMEORIGIN","x-content-type-options":"nosniff","alt-svc":"h3-29=\":443\"; ma=2592000,h3-27=\":443\"; ma=2592000,h3-25=\":443\"; ma=2592000,h3-T050=\":443\"; ma=2592000,h3-Q050=\":443\"; ma=2592000,h3-Q046=\":443\"; ma=2592000,h3-Q043=\":443\"; ma=2592000,quic=\":443\"; ma=2592000; v=\"46,43\"","accept-ranges":"none","transfer-encoding":"chunked"}
[debug] [2020-07-06T07:51:45.269Z] <<< HTTP RESPONSE 200 {"content-type":"application/json; charset=UTF-8","vary":"X-Origin, Referer, Origin,Accept-Encoding","date":"Mon, 06 Jul 2020 07:51:45 GMT","server":"ESF","cache-control":"private","x-xss-protection":"0","x-frame-options":"SAMEORIGIN","x-content-type-options":"nosniff","alt-svc":"h3-29=\":443\"; ma=2592000,h3-27=\":443\"; ma=2592000,h3-25=\":443\"; ma=2592000,h3-T050=\":443\"; ma=2592000,h3-Q050=\":443\"; ma=2592000,h3-Q046=\":443\"; ma=2592000,h3-Q043=\":443\"; ma=2592000,quic=\":443\"; ma=2592000; v=\"46,43\"","accept-ranges":"none","transfer-encoding":"chunked"}
[debug] [2020-07-06T07:51:47.284Z] >>> HTTP REQUEST GET https://cloudfunctions.googleapis.com/v1/operations/c21lYWR2aXNlci0yMzIwYy91cy1jZW50cmFsMS9zZW5kUG9zdEVtYWlsL3lYcURWQjlET3Nn  
 
[debug] [2020-07-06T07:51:47.287Z] >>> HTTP REQUEST GET https://cloudfunctions.googleapis.com/v1/operations/c21lYWR2aXNlci0yMzIwYy91cy1jZW50cmFsMS9zZW5kUXVlcnlFbWFpbC9NdHVENWpaWGVBTQ  
 
[debug] [2020-07-06T07:51:47.873Z] <<< HTTP RESPONSE 200 {"content-type":"application/json; charset=UTF-8","vary":"X-Origin, Referer, Origin,Accept-Encoding","date":"Mon, 06 Jul 2020 07:51:48 GMT","server":"ESF","cache-control":"private","x-xss-protection":"0","x-frame-options":"SAMEORIGIN","x-content-type-options":"nosniff","alt-svc":"h3-29=\":443\"; ma=2592000,h3-27=\":443\"; ma=2592000,h3-25=\":443\"; ma=2592000,h3-T050=\":443\"; ma=2592000,h3-Q050=\":443\"; ma=2592000,h3-Q046=\":443\"; ma=2592000,h3-Q043=\":443\"; ma=2592000,quic=\":443\"; ma=2592000; v=\"46,43\"","accept-ranges":"none","transfer-encoding":"chunked"}
[debug] [2020-07-06T07:51:47.922Z] <<< HTTP RESPONSE 200 {"content-type":"application/json; charset=UTF-8","vary":"X-Origin, Referer, Origin,Accept-Encoding","date":"Mon, 06 Jul 2020 07:51:48 GMT","server":"ESF","cache-control":"private","x-xss-protection":"0","x-frame-options":"SAMEORIGIN","x-content-type-options":"nosniff","alt-svc":"h3-29=\":443\"; ma=2592000,h3-27=\":443\"; ma=2592000,h3-25=\":443\"; ma=2592000,h3-T050=\":443\"; ma=2592000,h3-Q050=\":443\"; ma=2592000,h3-Q046=\":443\"; ma=2592000,h3-Q043=\":443\"; ma=2592000,quic=\":443\"; ma=2592000; v=\"46,43\"","accept-ranges":"none","transfer-encoding":"chunked"}
[debug] [2020-07-06T07:51:49.879Z] >>> HTTP REQUEST GET https://cloudfunctions.googleapis.com/v1/operations/c21lYWR2aXNlci0yMzIwYy91cy1jZW50cmFsMS9zZW5kUXVlcnlFbWFpbC9NdHVENWpaWGVBTQ  
 
[debug] [2020-07-06T07:51:49.926Z] >>> HTTP REQUEST GET https://cloudfunctions.googleapis.com/v1/operations/c21lYWR2aXNlci0yMzIwYy91cy1jZW50cmFsMS9zZW5kUG9zdEVtYWlsL3lYcURWQjlET3Nn  
 
[debug] [2020-07-06T07:51:50.458Z] <<< HTTP RESPONSE 200 {"content-type":"application/json; charset=UTF-8","vary":"X-Origin, Referer, Origin,Accept-Encoding","date":"Mon, 06 Jul 2020 07:51:50 GMT","server":"ESF","cache-control":"private","x-xss-protection":"0","x-frame-options":"SAMEORIGIN","x-content-type-options":"nosniff","alt-svc":"h3-29=\":443\"; ma=2592000,h3-27=\":443\"; ma=2592000,h3-25=\":443\"; ma=2592000,h3-T050=\":443\"; ma=2592000,h3-Q050=\":443\"; ma=2592000,h3-Q046=\":443\"; ma=2592000,h3-Q043=\":443\"; ma=2592000,quic=\":443\"; ma=2592000; v=\"46,43\"","accept-ranges":"none","transfer-encoding":"chunked"}
[debug] [2020-07-06T07:51:50.498Z] <<< HTTP RESPONSE 200 {"content-type":"application/json; charset=UTF-8","vary":"X-Origin, Referer, Origin,Accept-Encoding","date":"Mon, 06 Jul 2020 07:51:50 GMT","server":"ESF","cache-control":"private","x-xss-protection":"0","x-frame-options":"SAMEORIGIN","x-content-type-options":"nosniff","alt-svc":"h3-29=\":443\"; ma=2592000,h3-27=\":443\"; ma=2592000,h3-25=\":443\"; ma=2592000,h3-T050=\":443\"; ma=2592000,h3-Q050=\":443\"; ma=2592000,h3-Q046=\":443\"; ma=2592000,h3-Q043=\":443\"; ma=2592000,quic=\":443\"; ma=2592000; v=\"46,43\"","accept-ranges":"none","transfer-encoding":"chunked"}
[debug] [2020-07-06T07:51:52.477Z] >>> HTTP REQUEST GET https://cloudfunctions.googleapis.com/v1/operations/c21lYWR2aXNlci0yMzIwYy91cy1jZW50cmFsMS9zZW5kUXVlcnlFbWFpbC9NdHVENWpaWGVBTQ  
 
[debug] [2020-07-06T07:51:52.500Z] >>> HTTP REQUEST GET https://cloudfunctions.googleapis.com/v1/operations/c21lYWR2aXNlci0yMzIwYy91cy1jZW50cmFsMS9zZW5kUG9zdEVtYWlsL3lYcURWQjlET3Nn  
 
[debug] [2020-07-06T07:51:52.845Z] <<< HTTP RESPONSE 200 {"content-type":"application/json; charset=UTF-8","vary":"X-Origin, Referer, Origin,Accept-Encoding","date":"Mon, 06 Jul 2020 07:51:52 GMT","server":"ESF","cache-control":"private","x-xss-protection":"0","x-frame-options":"SAMEORIGIN","x-content-type-options":"nosniff","alt-svc":"h3-29=\":443\"; ma=2592000,h3-27=\":443\"; ma=2592000,h3-25=\":443\"; ma=2592000,h3-T050=\":443\"; ma=2592000,h3-Q050=\":443\"; ma=2592000,h3-Q046=\":443\"; ma=2592000,h3-Q043=\":443\"; ma=2592000,quic=\":443\"; ma=2592000; v=\"46,43\"","accept-ranges":"none","transfer-encoding":"chunked"}
[debug] [2020-07-06T07:51:53.046Z] <<< HTTP RESPONSE 200 {"content-type":"application/json; charset=UTF-8","vary":"X-Origin, Referer, Origin,Accept-Encoding","date":"Mon, 06 Jul 2020 07:51:53 GMT","server":"ESF","cache-control":"private","x-xss-protection":"0","x-frame-options":"SAMEORIGIN","x-content-type-options":"nosniff","alt-svc":"h3-29=\":443\"; ma=2592000,h3-27=\":443\"; ma=2592000,h3-25=\":443\"; ma=2592000,h3-T050=\":443\"; ma=2592000,h3-Q050=\":443\"; ma=2592000,h3-Q046=\":443\"; ma=2592000,h3-Q043=\":443\"; ma=2592000,quic=\":443\"; ma=2592000; v=\"46,43\"","accept-ranges":"none","transfer-encoding":"chunked"}
[debug] [2020-07-06T07:51:54.865Z] >>> HTTP REQUEST GET https://cloudfunctions.googleapis.com/v1/operations/c21lYWR2aXNlci0yMzIwYy91cy1jZW50cmFsMS9zZW5kUG9zdEVtYWlsL3lYcURWQjlET3Nn  
 
[debug] [2020-07-06T07:51:55.052Z] >>> HTTP REQUEST GET https://cloudfunctions.googleapis.com/v1/operations/c21lYWR2aXNlci0yMzIwYy91cy1jZW50cmFsMS9zZW5kUXVlcnlFbWFpbC9NdHVENWpaWGVBTQ  
 
[debug] [2020-07-06T07:51:55.191Z] <<< HTTP RESPONSE 200 {"content-type":"application/json; charset=UTF-8","vary":"X-Origin, Referer, Origin,Accept-Encoding","date":"Mon, 06 Jul 2020 07:51:55 GMT","server":"ESF","cache-control":"private","x-xss-protection":"0","x-frame-options":"SAMEORIGIN","x-content-type-options":"nosniff","alt-svc":"h3-29=\":443\"; ma=2592000,h3-27=\":443\"; ma=2592000,h3-25=\":443\"; ma=2592000,h3-T050=\":443\"; ma=2592000,h3-Q050=\":443\"; ma=2592000,h3-Q046=\":443\"; ma=2592000,h3-Q043=\":443\"; ma=2592000,quic=\":443\"; ma=2592000; v=\"46,43\"","accept-ranges":"none","transfer-encoding":"chunked"}
[debug] [2020-07-06T07:51:55.628Z] <<< HTTP RESPONSE 200 {"content-type":"application/json; charset=UTF-8","vary":"X-Origin, Referer, Origin,Accept-Encoding","date":"Mon, 06 Jul 2020 07:51:55 GMT","server":"ESF","cache-control":"private","x-xss-protection":"0","x-frame-options":"SAMEORIGIN","x-content-type-options":"nosniff","alt-svc":"h3-29=\":443\"; ma=2592000,h3-27=\":443\"; ma=2592000,h3-25=\":443\"; ma=2592000,h3-T050=\":443\"; ma=2592000,h3-Q050=\":443\"; ma=2592000,h3-Q046=\":443\"; ma=2592000,h3-Q043=\":443\"; ma=2592000,quic=\":443\"; ma=2592000; v=\"46,43\"","accept-ranges":"none","transfer-encoding":"chunked"}
[debug] [2020-07-06T07:51:57.203Z] >>> HTTP REQUEST GET https://cloudfunctions.googleapis.com/v1/operations/c21lYWR2aXNlci0yMzIwYy91cy1jZW50cmFsMS9zZW5kUG9zdEVtYWlsL3lYcURWQjlET3Nn  
 
[debug] [2020-07-06T07:51:57.553Z] <<< HTTP RESPONSE 200 {"content-type":"application/json; charset=UTF-8","vary":"X-Origin, Referer, Origin,Accept-Encoding","date":"Mon, 06 Jul 2020 07:51:57 GMT","server":"ESF","cache-control":"private","x-xss-protection":"0","x-frame-options":"SAMEORIGIN","x-content-type-options":"nosniff","alt-svc":"h3-29=\":443\"; ma=2592000,h3-27=\":443\"; ma=2592000,h3-25=\":443\"; ma=2592000,h3-T050=\":443\"; ma=2592000,h3-Q050=\":443\"; ma=2592000,h3-Q046=\":443\"; ma=2592000,h3-Q043=\":443\"; ma=2592000,quic=\":443\"; ma=2592000; v=\"46,43\"","accept-ranges":"none","transfer-encoding":"chunked"}
[debug] [2020-07-06T07:51:57.631Z] >>> HTTP REQUEST GET https://cloudfunctions.googleapis.com/v1/operations/c21lYWR2aXNlci0yMzIwYy91cy1jZW50cmFsMS9zZW5kUXVlcnlFbWFpbC9NdHVENWpaWGVBTQ  
 
[debug] [2020-07-06T07:51:57.983Z] <<< HTTP RESPONSE 200 {"content-type":"application/json; charset=UTF-8","vary":"X-Origin, Referer, Origin,Accept-Encoding","date":"Mon, 06 Jul 2020 07:51:58 GMT","server":"ESF","cache-control":"private","x-xss-protection":"0","x-frame-options":"SAMEORIGIN","x-content-type-options":"nosniff","alt-svc":"h3-29=\":443\"; ma=2592000,h3-27=\":443\"; ma=2592000,h3-25=\":443\"; ma=2592000,h3-T050=\":443\"; ma=2592000,h3-Q050=\":443\"; ma=2592000,h3-Q046=\":443\"; ma=2592000,h3-Q043=\":443\"; ma=2592000,quic=\":443\"; ma=2592000; v=\"46,43\"","accept-ranges":"none","transfer-encoding":"chunked"}
[debug] [2020-07-06T07:51:59.562Z] >>> HTTP REQUEST GET https://cloudfunctions.googleapis.com/v1/operations/c21lYWR2aXNlci0yMzIwYy91cy1jZW50cmFsMS9zZW5kUG9zdEVtYWlsL3lYcURWQjlET3Nn  
 
[debug] [2020-07-06T07:51:59.901Z] <<< HTTP RESPONSE 200 {"content-type":"application/json; charset=UTF-8","vary":"X-Origin, Referer, Origin,Accept-Encoding","date":"Mon, 06 Jul 2020 07:52:00 GMT","server":"ESF","cache-control":"private","x-xss-protection":"0","x-frame-options":"SAMEORIGIN","x-content-type-options":"nosniff","alt-svc":"h3-29=\":443\"; ma=2592000,h3-27=\":443\"; ma=2592000,h3-25=\":443\"; ma=2592000,h3-T050=\":443\"; ma=2592000,h3-Q050=\":443\"; ma=2592000,h3-Q046=\":443\"; ma=2592000,h3-Q043=\":443\"; ma=2592000,quic=\":443\"; ma=2592000; v=\"46,43\"","accept-ranges":"none","transfer-encoding":"chunked"}
[debug] [2020-07-06T07:52:00.001Z] >>> HTTP REQUEST GET https://cloudfunctions.googleapis.com/v1/operations/c21lYWR2aXNlci0yMzIwYy91cy1jZW50cmFsMS9zZW5kUXVlcnlFbWFpbC9NdHVENWpaWGVBTQ  
 
[debug] [2020-07-06T07:52:00.363Z] <<< HTTP RESPONSE 200 {"content-type":"application/json; charset=UTF-8","vary":"X-Origin, Referer, Origin,Accept-Encoding","date":"Mon, 06 Jul 2020 07:52:00 GMT","server":"ESF","cache-control":"private","x-xss-protection":"0","x-frame-options":"SAMEORIGIN","x-content-type-options":"nosniff","alt-svc":"h3-29=\":443\"; ma=2592000,h3-27=\":443\"; ma=2592000,h3-25=\":443\"; ma=2592000,h3-T050=\":443\"; ma=2592000,h3-Q050=\":443\"; ma=2592000,h3-Q046=\":443\"; ma=2592000,h3-Q043=\":443\"; ma=2592000,quic=\":443\"; ma=2592000; v=\"46,43\"","accept-ranges":"none","transfer-encoding":"chunked"}
[debug] [2020-07-06T07:52:01.907Z] >>> HTTP REQUEST GET https://cloudfunctions.googleapis.com/v1/operations/c21lYWR2aXNlci0yMzIwYy91cy1jZW50cmFsMS9zZW5kUG9zdEVtYWlsL3lYcURWQjlET3Nn  
 
[debug] [2020-07-06T07:52:02.400Z] >>> HTTP REQUEST GET https://cloudfunctions.googleapis.com/v1/operations/c21lYWR2aXNlci0yMzIwYy91cy1jZW50cmFsMS9zZW5kUXVlcnlFbWFpbC9NdHVENWpaWGVBTQ  
 
[debug] [2020-07-06T07:52:02.460Z] <<< HTTP RESPONSE 200 {"content-type":"application/json; charset=UTF-8","vary":"X-Origin, Referer, Origin,Accept-Encoding","date":"Mon, 06 Jul 2020 07:52:02 GMT","server":"ESF","cache-control":"private","x-xss-protection":"0","x-frame-options":"SAMEORIGIN","x-content-type-options":"nosniff","alt-svc":"h3-29=\":443\"; ma=2592000,h3-27=\":443\"; ma=2592000,h3-25=\":443\"; ma=2592000,h3-T050=\":443\"; ma=2592000,h3-Q050=\":443\"; ma=2592000,h3-Q046=\":443\"; ma=2592000,h3-Q043=\":443\"; ma=2592000,quic=\":443\"; ma=2592000; v=\"46,43\"","accept-ranges":"none","transfer-encoding":"chunked"}
[debug] [2020-07-06T07:52:02.982Z] <<< HTTP RESPONSE 200 {"content-type":"application/json; charset=UTF-8","vary":"X-Origin, Referer, Origin,Accept-Encoding","date":"Mon, 06 Jul 2020 07:52:03 GMT","server":"ESF","cache-control":"private","x-xss-protection":"0","x-frame-options":"SAMEORIGIN","x-content-type-options":"nosniff","alt-svc":"h3-29=\":443\"; ma=2592000,h3-27=\":443\"; ma=2592000,h3-25=\":443\"; ma=2592000,h3-T050=\":443\"; ma=2592000,h3-Q050=\":443\"; ma=2592000,h3-Q046=\":443\"; ma=2592000,h3-Q043=\":443\"; ma=2592000,quic=\":443\"; ma=2592000; v=\"46,43\"","accept-ranges":"none","transfer-encoding":"chunked"}
[debug] [2020-07-06T07:52:04.464Z] >>> HTTP REQUEST GET https://cloudfunctions.googleapis.com/v1/operations/c21lYWR2aXNlci0yMzIwYy91cy1jZW50cmFsMS9zZW5kUG9zdEVtYWlsL3lYcURWQjlET3Nn  
 
[debug] [2020-07-06T07:52:04.806Z] <<< HTTP RESPONSE 200 {"content-type":"application/json; charset=UTF-8","vary":"X-Origin, Referer, Origin,Accept-Encoding","date":"Mon, 06 Jul 2020 07:52:04 GMT","server":"ESF","cache-control":"private","x-xss-protection":"0","x-frame-options":"SAMEORIGIN","x-content-type-options":"nosniff","alt-svc":"h3-29=\":443\"; ma=2592000,h3-27=\":443\"; ma=2592000,h3-25=\":443\"; ma=2592000,h3-T050=\":443\"; ma=2592000,h3-Q050=\":443\"; ma=2592000,h3-Q046=\":443\"; ma=2592000,h3-Q043=\":443\"; ma=2592000,quic=\":443\"; ma=2592000; v=\"46,43\"","accept-ranges":"none","transfer-encoding":"chunked"}
[debug] [2020-07-06T07:52:05.012Z] >>> HTTP REQUEST GET https://cloudfunctions.googleapis.com/v1/operations/c21lYWR2aXNlci0yMzIwYy91cy1jZW50cmFsMS9zZW5kUXVlcnlFbWFpbC9NdHVENWpaWGVBTQ  
 
[debug] [2020-07-06T07:52:05.361Z] <<< HTTP RESPONSE 200 {"content-type":"application/json; charset=UTF-8","vary":"X-Origin, Referer, Origin,Accept-Encoding","date":"Mon, 06 Jul 2020 07:52:05 GMT","server":"ESF","cache-control":"private","x-xss-protection":"0","x-frame-options":"SAMEORIGIN","x-content-type-options":"nosniff","alt-svc":"h3-29=\":443\"; ma=2592000,h3-27=\":443\"; ma=2592000,h3-25=\":443\"; ma=2592000,h3-T050=\":443\"; ma=2592000,h3-Q050=\":443\"; ma=2592000,h3-Q046=\":443\"; ma=2592000,h3-Q043=\":443\"; ma=2592000,quic=\":443\"; ma=2592000; v=\"46,43\"","accept-ranges":"none","transfer-encoding":"chunked"}
[debug] [2020-07-06T07:52:06.817Z] >>> HTTP REQUEST GET https://cloudfunctions.googleapis.com/v1/operations/c21lYWR2aXNlci0yMzIwYy91cy1jZW50cmFsMS9zZW5kUG9zdEVtYWlsL3lYcURWQjlET3Nn  
 
[debug] [2020-07-06T07:52:07.126Z] <<< HTTP RESPONSE 200 {"content-type":"application/json; charset=UTF-8","vary":"X-Origin, Referer, Origin,Accept-Encoding","date":"Mon, 06 Jul 2020 07:52:07 GMT","server":"ESF","cache-control":"private","x-xss-protection":"0","x-frame-options":"SAMEORIGIN","x-content-type-options":"nosniff","alt-svc":"h3-29=\":443\"; ma=2592000,h3-27=\":443\"; ma=2592000,h3-25=\":443\"; ma=2592000,h3-T050=\":443\"; ma=2592000,h3-Q050=\":443\"; ma=2592000,h3-Q046=\":443\"; ma=2592000,h3-Q043=\":443\"; ma=2592000,quic=\":443\"; ma=2592000; v=\"46,43\"","accept-ranges":"none","transfer-encoding":"chunked"}
[debug] [2020-07-06T07:52:07.369Z] >>> HTTP REQUEST GET https://cloudfunctions.googleapis.com/v1/operations/c21lYWR2aXNlci0yMzIwYy91cy1jZW50cmFsMS9zZW5kUXVlcnlFbWFpbC9NdHVENWpaWGVBTQ  
 
[debug] [2020-07-06T07:52:07.701Z] <<< HTTP RESPONSE 200 {"content-type":"application/json; charset=UTF-8","vary":"X-Origin, Referer, Origin,Accept-Encoding","date":"Mon, 06 Jul 2020 07:52:07 GMT","server":"ESF","cache-control":"private","x-xss-protection":"0","x-frame-options":"SAMEORIGIN","x-content-type-options":"nosniff","alt-svc":"h3-29=\":443\"; ma=2592000,h3-27=\":443\"; ma=2592000,h3-25=\":443\"; ma=2592000,h3-T050=\":443\"; ma=2592000,h3-Q050=\":443\"; ma=2592000,h3-Q046=\":443\"; ma=2592000,h3-Q043=\":443\"; ma=2592000,quic=\":443\"; ma=2592000; v=\"46,43\"","accept-ranges":"none","transfer-encoding":"chunked"}
[debug] [2020-07-06T07:52:09.138Z] >>> HTTP REQUEST GET https://cloudfunctions.googleapis.com/v1/operations/c21lYWR2aXNlci0yMzIwYy91cy1jZW50cmFsMS9zZW5kUG9zdEVtYWlsL3lYcURWQjlET3Nn  
 
[debug] [2020-07-06T07:52:09.458Z] <<< HTTP RESPONSE 200 {"content-type":"application/json; charset=UTF-8","vary":"X-Origin, Referer, Origin,Accept-Encoding","date":"Mon, 06 Jul 2020 07:52:09 GMT","server":"ESF","cache-control":"private","x-xss-protection":"0","x-frame-options":"SAMEORIGIN","x-content-type-options":"nosniff","alt-svc":"h3-29=\":443\"; ma=2592000,h3-27=\":443\"; ma=2592000,h3-25=\":443\"; ma=2592000,h3-T050=\":443\"; ma=2592000,h3-Q050=\":443\"; ma=2592000,h3-Q046=\":443\"; ma=2592000,h3-Q043=\":443\"; ma=2592000,quic=\":443\"; ma=2592000; v=\"46,43\"","accept-ranges":"none","transfer-encoding":"chunked"}
[debug] [2020-07-06T07:52:09.706Z] >>> HTTP REQUEST GET https://cloudfunctions.googleapis.com/v1/operations/c21lYWR2aXNlci0yMzIwYy91cy1jZW50cmFsMS9zZW5kUXVlcnlFbWFpbC9NdHVENWpaWGVBTQ  
 
[debug] [2020-07-06T07:52:10.038Z] <<< HTTP RESPONSE 200 {"content-type":"application/json; charset=UTF-8","vary":"X-Origin, Referer, Origin,Accept-Encoding","date":"Mon, 06 Jul 2020 07:52:10 GMT","server":"ESF","cache-control":"private","x-xss-protection":"0","x-frame-options":"SAMEORIGIN","x-content-type-options":"nosniff","alt-svc":"h3-29=\":443\"; ma=2592000,h3-27=\":443\"; ma=2592000,h3-25=\":443\"; ma=2592000,h3-T050=\":443\"; ma=2592000,h3-Q050=\":443\"; ma=2592000,h3-Q046=\":443\"; ma=2592000,h3-Q043=\":443\"; ma=2592000,quic=\":443\"; ma=2592000; v=\"46,43\"","accept-ranges":"none","transfer-encoding":"chunked"}
[debug] [2020-07-06T07:52:11.468Z] >>> HTTP REQUEST GET https://cloudfunctions.googleapis.com/v1/operations/c21lYWR2aXNlci0yMzIwYy91cy1jZW50cmFsMS9zZW5kUG9zdEVtYWlsL3lYcURWQjlET3Nn  
 
[debug] [2020-07-06T07:52:11.820Z] <<< HTTP RESPONSE 200 {"content-type":"application/json; charset=UTF-8","vary":"X-Origin, Referer, Origin,Accept-Encoding","date":"Mon, 06 Jul 2020 07:52:11 GMT","server":"ESF","cache-control":"private","x-xss-protection":"0","x-frame-options":"SAMEORIGIN","x-content-type-options":"nosniff","alt-svc":"h3-29=\":443\"; ma=2592000,h3-27=\":443\"; ma=2592000,h3-25=\":443\"; ma=2592000,h3-T050=\":443\"; ma=2592000,h3-Q050=\":443\"; ma=2592000,h3-Q046=\":443\"; ma=2592000,h3-Q043=\":443\"; ma=2592000,quic=\":443\"; ma=2592000; v=\"46,43\"","accept-ranges":"none","transfer-encoding":"chunked"}
[debug] [2020-07-06T07:52:12.062Z] >>> HTTP REQUEST GET https://cloudfunctions.googleapis.com/v1/operations/c21lYWR2aXNlci0yMzIwYy91cy1jZW50cmFsMS9zZW5kUXVlcnlFbWFpbC9NdHVENWpaWGVBTQ  
 
[debug] [2020-07-06T07:52:12.394Z] <<< HTTP RESPONSE 200 {"content-type":"application/json; charset=UTF-8","vary":"X-Origin, Referer, Origin,Accept-Encoding","date":"Mon, 06 Jul 2020 07:52:12 GMT","server":"ESF","cache-control":"private","x-xss-protection":"0","x-frame-options":"SAMEORIGIN","x-content-type-options":"nosniff","alt-svc":"h3-29=\":443\"; ma=2592000,h3-27=\":443\"; ma=2592000,h3-25=\":443\"; ma=2592000,h3-T050=\":443\"; ma=2592000,h3-Q050=\":443\"; ma=2592000,h3-Q046=\":443\"; ma=2592000,h3-Q043=\":443\"; ma=2592000,quic=\":443\"; ma=2592000; v=\"46,43\"","accept-ranges":"none","transfer-encoding":"chunked"}
[debug] [2020-07-06T07:52:13.840Z] >>> HTTP REQUEST GET https://cloudfunctions.googleapis.com/v1/operations/c21lYWR2aXNlci0yMzIwYy91cy1jZW50cmFsMS9zZW5kUG9zdEVtYWlsL3lYcURWQjlET3Nn  
 
[debug] [2020-07-06T07:52:14.395Z] <<< HTTP RESPONSE 200 {"content-type":"application/json; charset=UTF-8","vary":"X-Origin, Referer, Origin,Accept-Encoding","date":"Mon, 06 Jul 2020 07:52:14 GMT","server":"ESF","cache-control":"private","x-xss-protection":"0","x-frame-options":"SAMEORIGIN","x-content-type-options":"nosniff","alt-svc":"h3-29=\":443\"; ma=2592000,h3-27=\":443\"; ma=2592000,h3-25=\":443\"; ma=2592000,h3-T050=\":443\"; ma=2592000,h3-Q050=\":443\"; ma=2592000,h3-Q046=\":443\"; ma=2592000,h3-Q043=\":443\"; ma=2592000,quic=\":443\"; ma=2592000; v=\"46,43\"","accept-ranges":"none","transfer-encoding":"chunked"}
[debug] [2020-07-06T07:52:14.397Z] >>> HTTP REQUEST GET https://cloudfunctions.googleapis.com/v1/operations/c21lYWR2aXNlci0yMzIwYy91cy1jZW50cmFsMS9zZW5kUXVlcnlFbWFpbC9NdHVENWpaWGVBTQ  
 
[debug] [2020-07-06T07:52:14.973Z] <<< HTTP RESPONSE 200 {"content-type":"application/json; charset=UTF-8","vary":"X-Origin, Referer, Origin,Accept-Encoding","date":"Mon, 06 Jul 2020 07:52:15 GMT","server":"ESF","cache-control":"private","x-xss-protection":"0","x-frame-options":"SAMEORIGIN","x-content-type-options":"nosniff","alt-svc":"h3-29=\":443\"; ma=2592000,h3-27=\":443\"; ma=2592000,h3-25=\":443\"; ma=2592000,h3-T050=\":443\"; ma=2592000,h3-Q050=\":443\"; ma=2592000,h3-Q046=\":443\"; ma=2592000,h3-Q043=\":443\"; ma=2592000,quic=\":443\"; ma=2592000; v=\"46,43\"","accept-ranges":"none","transfer-encoding":"chunked"}
[debug] [2020-07-06T07:52:16.409Z] >>> HTTP REQUEST GET https://cloudfunctions.googleapis.com/v1/operations/c21lYWR2aXNlci0yMzIwYy91cy1jZW50cmFsMS9zZW5kUG9zdEVtYWlsL3lYcURWQjlET3Nn  
 
[debug] [2020-07-06T07:52:16.732Z] <<< HTTP RESPONSE 200 {"content-type":"application/json; charset=UTF-8","vary":"X-Origin, Referer, Origin,Accept-Encoding","date":"Mon, 06 Jul 2020 07:52:16 GMT","server":"ESF","cache-control":"private","x-xss-protection":"0","x-frame-options":"SAMEORIGIN","x-content-type-options":"nosniff","alt-svc":"h3-29=\":443\"; ma=2592000,h3-27=\":443\"; ma=2592000,h3-25=\":443\"; ma=2592000,h3-T050=\":443\"; ma=2592000,h3-Q050=\":443\"; ma=2592000,h3-Q046=\":443\"; ma=2592000,h3-Q043=\":443\"; ma=2592000,quic=\":443\"; ma=2592000; v=\"46,43\"","accept-ranges":"none","transfer-encoding":"chunked"}
[debug] [2020-07-06T07:52:16.983Z] >>> HTTP REQUEST GET https://cloudfunctions.googleapis.com/v1/operations/c21lYWR2aXNlci0yMzIwYy91cy1jZW50cmFsMS9zZW5kUXVlcnlFbWFpbC9NdHVENWpaWGVBTQ  
 
[debug] [2020-07-06T07:52:17.323Z] <<< HTTP RESPONSE 200 {"content-type":"application/json; charset=UTF-8","vary":"X-Origin, Referer, Origin,Accept-Encoding","date":"Mon, 06 Jul 2020 07:52:17 GMT","server":"ESF","cache-control":"private","x-xss-protection":"0","x-frame-options":"SAMEORIGIN","x-content-type-options":"nosniff","alt-svc":"h3-29=\":443\"; ma=2592000,h3-27=\":443\"; ma=2592000,h3-25=\":443\"; ma=2592000,h3-T050=\":443\"; ma=2592000,h3-Q050=\":443\"; ma=2592000,h3-Q046=\":443\"; ma=2592000,h3-Q043=\":443\"; ma=2592000,quic=\":443\"; ma=2592000; v=\"46,43\"","accept-ranges":"none","transfer-encoding":"chunked"}
[debug] [2020-07-06T07:52:18.760Z] >>> HTTP REQUEST GET https://cloudfunctions.googleapis.com/v1/operations/c21lYWR2aXNlci0yMzIwYy91cy1jZW50cmFsMS9zZW5kUG9zdEVtYWlsL3lYcURWQjlET3Nn  
 
[debug] [2020-07-06T07:52:19.322Z] <<< HTTP RESPONSE 200 {"content-type":"application/json; charset=UTF-8","vary":"X-Origin, Referer, Origin,Accept-Encoding","date":"Mon, 06 Jul 2020 07:52:19 GMT","server":"ESF","cache-control":"private","x-xss-protection":"0","x-frame-options":"SAMEORIGIN","x-content-type-options":"nosniff","alt-svc":"h3-29=\":443\"; ma=2592000,h3-27=\":443\"; ma=2592000,h3-25=\":443\"; ma=2592000,h3-T050=\":443\"; ma=2592000,h3-Q050=\":443\"; ma=2592000,h3-Q046=\":443\"; ma=2592000,h3-Q043=\":443\"; ma=2592000,quic=\":443\"; ma=2592000; v=\"46,43\"","accept-ranges":"none","transfer-encoding":"chunked"}
[debug] [2020-07-06T07:52:19.325Z] >>> HTTP REQUEST GET https://cloudfunctions.googleapis.com/v1/operations/c21lYWR2aXNlci0yMzIwYy91cy1jZW50cmFsMS9zZW5kUXVlcnlFbWFpbC9NdHVENWpaWGVBTQ  
 
[debug] [2020-07-06T07:52:19.660Z] <<< HTTP RESPONSE 200 {"content-type":"application/json; charset=UTF-8","vary":"X-Origin, Referer, Origin,Accept-Encoding","date":"Mon, 06 Jul 2020 07:52:19 GMT","server":"ESF","cache-control":"private","x-xss-protection":"0","x-frame-options":"SAMEORIGIN","x-content-type-options":"nosniff","alt-svc":"h3-29=\":443\"; ma=2592000,h3-27=\":443\"; ma=2592000,h3-25=\":443\"; ma=2592000,h3-T050=\":443\"; ma=2592000,h3-Q050=\":443\"; ma=2592000,h3-Q046=\":443\"; ma=2592000,h3-Q043=\":443\"; ma=2592000,quic=\":443\"; ma=2592000; v=\"46,43\"","accept-ranges":"none","transfer-encoding":"chunked"}
[debug] [2020-07-06T07:52:21.339Z] >>> HTTP REQUEST GET https://cloudfunctions.googleapis.com/v1/operations/c21lYWR2aXNlci0yMzIwYy91cy1jZW50cmFsMS9zZW5kUG9zdEVtYWlsL3lYcURWQjlET3Nn  
 
[debug] [2020-07-06T07:52:21.649Z] <<< HTTP RESPONSE 200 {"content-type":"application/json; charset=UTF-8","vary":"X-Origin, Referer, Origin,Accept-Encoding","date":"Mon, 06 Jul 2020 07:52:21 GMT","server":"ESF","cache-control":"private","x-xss-protection":"0","x-frame-options":"SAMEORIGIN","x-content-type-options":"nosniff","alt-svc":"h3-29=\":443\"; ma=2592000,h3-27=\":443\"; ma=2592000,h3-25=\":443\"; ma=2592000,h3-T050=\":443\"; ma=2592000,h3-Q050=\":443\"; ma=2592000,h3-Q046=\":443\"; ma=2592000,h3-Q043=\":443\"; ma=2592000,quic=\":443\"; ma=2592000; v=\"46,43\"","accept-ranges":"none","transfer-encoding":"chunked"}
[debug] [2020-07-06T07:52:21.668Z] >>> HTTP REQUEST GET https://cloudfunctions.googleapis.com/v1/operations/c21lYWR2aXNlci0yMzIwYy91cy1jZW50cmFsMS9zZW5kUXVlcnlFbWFpbC9NdHVENWpaWGVBTQ  
 
[debug] [2020-07-06T07:52:22.207Z] <<< HTTP RESPONSE 200 {"content-type":"application/json; charset=UTF-8","vary":"X-Origin, Referer, Origin,Accept-Encoding","date":"Mon, 06 Jul 2020 07:52:22 GMT","server":"ESF","cache-control":"private","x-xss-protection":"0","x-frame-options":"SAMEORIGIN","x-content-type-options":"nosniff","alt-svc":"h3-29=\":443\"; ma=2592000,h3-27=\":443\"; ma=2592000,h3-25=\":443\"; ma=2592000,h3-T050=\":443\"; ma=2592000,h3-Q050=\":443\"; ma=2592000,h3-Q046=\":443\"; ma=2592000,h3-Q043=\":443\"; ma=2592000,quic=\":443\"; ma=2592000; v=\"46,43\"","accept-ranges":"none","transfer-encoding":"chunked"}
[debug] [2020-07-06T07:52:23.678Z] >>> HTTP REQUEST GET https://cloudfunctions.googleapis.com/v1/operations/c21lYWR2aXNlci0yMzIwYy91cy1jZW50cmFsMS9zZW5kUG9zdEVtYWlsL3lYcURWQjlET3Nn  
 
[debug] [2020-07-06T07:52:24.010Z] <<< HTTP RESPONSE 200 {"content-type":"application/json; charset=UTF-8","vary":"X-Origin, Referer, Origin,Accept-Encoding","date":"Mon, 06 Jul 2020 07:52:24 GMT","server":"ESF","cache-control":"private","x-xss-protection":"0","x-frame-options":"SAMEORIGIN","x-content-type-options":"nosniff","alt-svc":"h3-29=\":443\"; ma=2592000,h3-27=\":443\"; ma=2592000,h3-25=\":443\"; ma=2592000,h3-T050=\":443\"; ma=2592000,h3-Q050=\":443\"; ma=2592000,h3-Q046=\":443\"; ma=2592000,h3-Q043=\":443\"; ma=2592000,quic=\":443\"; ma=2592000; v=\"46,43\"","accept-ranges":"none","transfer-encoding":"chunked"}
[info] +  functions[sendPostEmail(us-central1)]: Successful create operation.  
[debug] [2020-07-06T07:52:24.216Z] >>> HTTP REQUEST GET https://cloudfunctions.googleapis.com/v1/operations/c21lYWR2aXNlci0yMzIwYy91cy1jZW50cmFsMS9zZW5kUXVlcnlFbWFpbC9NdHVENWpaWGVBTQ  
 
[debug] [2020-07-06T07:52:24.550Z] <<< HTTP RESPONSE 200 {"content-type":"application/json; charset=UTF-8","vary":"X-Origin, Referer, Origin,Accept-Encoding","date":"Mon, 06 Jul 2020 07:52:24 GMT","server":"ESF","cache-control":"private","x-xss-protection":"0","x-frame-options":"SAMEORIGIN","x-content-type-options":"nosniff","alt-svc":"h3-29=\":443\"; ma=2592000,h3-27=\":443\"; ma=2592000,h3-25=\":443\"; ma=2592000,h3-T050=\":443\"; ma=2592000,h3-Q050=\":443\"; ma=2592000,h3-Q046=\":443\"; ma=2592000,h3-Q043=\":443\"; ma=2592000,quic=\":443\"; ma=2592000; v=\"46,43\"","accept-ranges":"none","transfer-encoding":"chunked"}
[info] +  functions[sendQueryEmail(us-central1)]: Successful create operation.  
[debug] [2020-07-06T07:52:24.571Z] [
  {
    "config": {
      "public": "dist",
      "ignore": [
        "firebase.json",
        "**/.*",
        "**/node_modules/**"
      ],
      "rewrites": [
        {
          "source": "**",
          "destination": "/index.html"
        }
      ],
      "site": "smeadviser-2320c"
    },
    "site": "smeadviser-2320c",
    "version": "sites/smeadviser-2320c/versions/bc13e8c9e12d2fab"
  }
]
[info] i  hosting[smeadviser-2320c]: finalizing version... 
[debug] [2020-07-06T07:52:24.600Z] >>> HTTP REQUEST PATCH https://firebasehosting.googleapis.com/v1beta1/sites/smeadviser-2320c/versions/bc13e8c9e12d2fab?updateMask=status  
 {"status":"FINALIZED"}
[debug] [2020-07-06T07:52:26.092Z] <<< HTTP RESPONSE 200 {"content-type":"application/json; charset=UTF-8","vary":"X-Origin, Referer, Origin,Accept-Encoding","date":"Mon, 06 Jul 2020 07:52:26 GMT","server":"ESF","cache-control":"private","x-xss-protection":"0","x-frame-options":"SAMEORIGIN","x-content-type-options":"nosniff","alt-svc":"h3-29=\":443\"; ma=2592000,h3-27=\":443\"; ma=2592000,h3-25=\":443\"; ma=2592000,h3-T050=\":443\"; ma=2592000,h3-Q050=\":443\"; ma=2592000,h3-Q046=\":443\"; ma=2592000,h3-Q043=\":443\"; ma=2592000,quic=\":443\"; ma=2592000; v=\"46,43\"","accept-ranges":"none","transfer-encoding":"chunked"}
[debug] [2020-07-06T07:52:26.094Z] [hosting] finalized version for smeadviser-2320c: {"name":"sites/smeadviser-2320c/versions/bc13e8c9e12d2fab","status":"FINALIZED","config":{"rewrites":[{"glob":"**","path":"/index.html"}]},"labels":{"deployment-tool":"cli-firebase"},"createTime":"2020-07-06T07:51:36.404709Z","createUser":{"email":"codeblitz.smeadviser@gmail.com"},"finalizeTime":"2020-07-06T07:52:26.146016Z","finalizeUser":{"email":"codeblitz.smeadviser@gmail.com"}}
[info] +  hosting[smeadviser-2320c]: version finalized 
[info] i  hosting[smeadviser-2320c]: releasing new version... 
[debug] [2020-07-06T07:52:26.097Z] >>> HTTP REQUEST POST https://firebasehosting.googleapis.com/v1beta1/sites/smeadviser-2320c/releases?version_name=sites/smeadviser-2320c/versions/bc13e8c9e12d2fab  
 {"message":null}
[debug] [2020-07-06T07:52:27.524Z] <<< HTTP RESPONSE 200 {"content-type":"application/json; charset=UTF-8","vary":"X-Origin, Referer, Origin,Accept-Encoding","date":"Mon, 06 Jul 2020 07:52:27 GMT","server":"ESF","cache-control":"private","x-xss-protection":"0","x-frame-options":"SAMEORIGIN","x-content-type-options":"nosniff","alt-svc":"h3-29=\":443\"; ma=2592000,h3-27=\":443\"; ma=2592000,h3-25=\":443\"; ma=2592000,h3-T050=\":443\"; ma=2592000,h3-Q050=\":443\"; ma=2592000,h3-Q046=\":443\"; ma=2592000,h3-Q043=\":443\"; ma=2592000,quic=\":443\"; ma=2592000; v=\"46,43\"","accept-ranges":"none","transfer-encoding":"chunked"}
[debug] [2020-07-06T07:52:27.526Z] [hosting] release: {"name":"sites/smeadviser-2320c/releases/1594021947582658","version":{"name":"sites/smeadviser-2320c/versions/bc13e8c9e12d2fab","status":"FINALIZED","config":{"rewrites":[{"glob":"**","path":"/index.html"}]}},"type":"DEPLOY","releaseTime":"2020-07-06T07:52:27Z"}
[info] +  hosting[smeadviser-2320c]: release complete 
[info] 
[info] +  Deploy complete! 
[info] 
[info] Project Console: https://console.firebase.google.com/project/smeadviser-2320c/overview
[info] Hosting URL: https://smeadviser-2320c.web.app
