[debug] [2020-07-06T08:21:31.488Z] ----------------------------------------------------------------------
[debug] [2020-07-06T08:21:31.490Z] Command:       C:\Program Files\nodejs\node.exe C:\Users\Yasmin\AppData\Roaming\npm\node_modules\firebase-tools\lib\bin\firebase.js init
[debug] [2020-07-06T08:21:31.490Z] CLI Version:   8.4.3
[debug] [2020-07-06T08:21:31.490Z] Platform:      win32
[debug] [2020-07-06T08:21:31.491Z] Node Version:  v12.4.0
[debug] [2020-07-06T08:21:31.492Z] Time:          Mon Jul 06 2020 13:51:31 GMT+0530 (India Standard Time)
[debug] [2020-07-06T08:21:31.492Z] ----------------------------------------------------------------------
[debug] [2020-07-06T08:21:31.492Z] 
[debug] [2020-07-06T08:21:31.499Z] > command requires scopes: ["email","openid","https://www.googleapis.com/auth/cloudplatformprojects.readonly","https://www.googleapis.com/auth/firebase","https://www.googleapis.com/auth/cloud-platform"]
[debug] [2020-07-06T08:21:31.500Z] > authorizing via signed-in user
[info] 
     ######## #### ########  ######## ########     ###     ######  ########
     ##        ##  ##     ## ##       ##     ##  ##   ##  ##       ##
     ######    ##  ########  ######   ########  #########  ######  ######
     ##        ##  ##    ##  ##       ##     ## ##     ##       ## ##
     ##       #### ##     ## ######## ########  ##     ##  ######  ########

You're about to initialize a Firebase project in this directory:

  D:\Yasmin_Angular_Workspace\SME-Adviser-master

Before we get started, keep in mind:

  * You are initializing in an existing Firebase project directory

[info] 
=== Project Setup
[info] 
[info] First, let's associate this project directory with a Firebase project.
[info] You can create multiple project aliases by running firebase use --add, 
[info] but for now we'll just set up a default project.
[info] 
[info] i  .firebaserc already has a default project, using smeadviser-2320c. 
[debug] [2020-07-06T08:21:39.676Z] >>> HTTP REQUEST GET https://firebase.googleapis.com/v1beta1/projects/smeadviser-2320c  
 
[debug] [2020-07-06T08:22:00.703Z] Server Error. connect ETIMEDOUT 216.58.200.138:443
[debug] [2020-07-06T08:22:00.798Z] FirebaseError: Server Error. connect ETIMEDOUT 216.58.200.138:443
    at Request._callback (C:\Users\Yasmin\AppData\Roaming\npm\node_modules\firebase-tools\lib\api.js:32:31)
    at self.callback (C:\Users\Yasmin\AppData\Roaming\npm\node_modules\firebase-tools\node_modules\request\request.js:185:22)
    at Request.emit (events.js:200:13)
    at Request.EventEmitter.emit (domain.js:471:20)
    at Request.onRequestError (C:\Users\Yasmin\AppData\Roaming\npm\node_modules\firebase-tools\node_modules\request\request.js:877:8)
    at ClientRequest.emit (events.js:205:15)
    at ClientRequest.EventEmitter.emit (domain.js:471:20)
    at TLSSocket.socketErrorListener (_http_client.js:402:9)
    at TLSSocket.emit (events.js:200:13)
    at TLSSocket.EventEmitter.emit (domain.js:471:20)
    at emitErrorNT (internal/streams/destroy.js:91:8)
    at emitErrorAndCloseNT (internal/streams/destroy.js:59:3)
    at processTicksAndRejections (internal/process/task_queues.js:84:9)
[error] 
[error] Error: Failed to get Firebase project smeadviser-2320c. Please make sure the project exists and your account has permission to access it.
